1	Before	before	_	IN	_	3	case	_	_
2	the	the	_	DT	_	3	det	_	_
3	arrival	arrival	_	NN	_	14	nmod	_	_
4	of	of	_	IN	_	5	mark	_	_
5	Keep	keep	_	VB	_	3	acl	_	_
6	,	,	_	,	_	5	punct	_	_
7	which	which	_	WDT	_	9	dobj	_	_
8	Google	Google	_	NNP	_	9	nsubj	_	_
9	launched	launch	_	VBD	_	5	ccomp	_	_
10	this	this	_	DT	_	11	det	_	_
11	week	week	_	NN	_	9	nmod:tmod	_	_
12	,	,	_	,	_	14	punct	_	_
13	there	there	_	EX	_	14	expl	_	_
14	was	be	_	VBD	_	0	root	_	_
15	no	no	_	DT	_	18	neg	_	_
16	default	default	_	NN	_	18	compound	_	_
17	note-taking	note-taking	_	JJ	_	18	amod	_	_
18	app	app	_	NN	_	14	nsubj	_	_
19	for	for	_	IN	_	20	case	_	_
20	Android	Android	_	NNP	_	18	nmod	_	_
21	.	.	_	.	_	14	punct	_	_

1	It	it	_	PRP	_	5	nsubj	_	_
2	was	be	_	VBD	_	5	cop	_	_
3	a	a	_	DT	_	5	det	_	_
4	glaring	glaring	_	JJ	_	5	amod	_	_
5	hole	hole	_	NN	_	0	root	_	_
6	,	,	_	,	_	5	punct	_	_
7	considering	consider	_	VBG	_	5	advcl	_	_
8	that	that	_	IN	_	12	mark	_	_
9	Apple	Apple	_	NNP	_	11	nmod:poss	_	_
10	's	's	_	POS	_	9	case	_	_
11	iPhone	iPhone	_	NNP	_	12	nsubj	_	_
12	has	have	_	VBZ	_	7	ccomp	_	_
13	built-in	built-in	_	JJ	_	14	amod	_	_
14	Notes	note	_	NNS	_	12	dobj	_	_
15	and	and	_	CC	_	14	cc	_	_
16	Reminders	reminder	_	NNS	_	17	compound	_	_
17	apps	app	_	NNS	_	14	conj	_	_
18	that	that	_	WDT	_	21	nsubjpass	_	_
19	can	can	_	MD	_	21	aux	_	_
20	be	be	_	VB	_	21	auxpass	_	_
21	powered	power	_	VBN	_	14	acl:relcl	_	_
22	by	by	_	IN	_	23	case	_	_
23	Siri	Siri	_	NNP	_	21	nmod	_	_
24	.	.	_	.	_	5	punct	_	_

1	Instead	instead	_	RB	_	3	mark	_	_
2	of	of	_	IN	_	1	mwe	_	_
3	settling	settle	_	VBG	_	17	advcl	_	_
4	for	for	_	IN	_	8	case	_	_
5	a	a	_	DT	_	8	det	_	_
6	bare	bare	_	JJ	_	8	amod	_	_
7	bones	bone	_	NNS	_	8	compound	_	_
8	app	app	_	NN	_	3	nmod	_	_
9	to	to	_	TO	_	10	mark	_	_
10	fill	fill	_	VB	_	3	xcomp	_	_
11	the	the	_	DT	_	12	det	_	_
12	void	void	_	NN	_	10	dobj	_	_
13	,	,	_	,	_	17	punct	_	_
14	the	the	_	DT	_	15	det	_	_
15	search	search	_	NN	_	17	nsubj	_	_
16	giant	giant	_	JJ	_	15	amod	_	_
17	took	take	_	VBD	_	0	root	_	_
18	things	thing	_	NNS	_	17	dobj	_	_
19	one	one	_	CD	_	20	nummod	_	_
20	step	step	_	NN	_	21	nmod:npmod	_	_
21	further	further	_	RBR	_	17	advmod	_	_
22	.	.	_	.	_	17	punct	_	_

1	Keep	keep	_	VB	_	7	csubj	_	_
2	is	be	_	VBZ	_	7	cop	_	_
3	n't	not	_	RB	_	7	neg	_	_
4	simply	simply	_	RB	_	7	advmod	_	_
5	just	just	_	RB	_	7	advmod	_	_
6	a	a	_	DT	_	7	det	_	_
7	place	place	_	NN	_	0	root	_	_
8	to	to	_	TO	_	9	case	_	_
9	bank	bank	_	NN	_	7	nmod	_	_
10	whatever	whatever	_	WDT	_	13	dobj	_	_
11	random	random	_	JJ	_	12	amod	_	_
12	half-thoughts	half-thought	_	NNS	_	13	nsubj	_	_
13	come	come	_	VBP	_	7	dep	_	_
14	to	to	_	TO	_	15	mark	_	_
15	mind	mind	_	VB	_	13	xcomp	_	_
16	:	:	_	:	_	7	punct	_	_
17	Users	user	_	NNS	_	19	nsubj	_	_
18	can	can	_	MD	_	19	aux	_	_
19	construct	construct	_	VB	_	7	parataxis	_	_
20	to-do	to-do	_	NN	_	24	compound	_	_
21	lists	list	_	NNS	_	24	compound	_	_
22	,	,	_	,	_	24	punct	_	_
23	stash	stash	_	JJ	_	24	amod	_	_
24	photos	photo	_	NNS	_	19	dobj	_	_
25	,	,	_	,	_	19	punct	_	_
26	and	and	_	CC	_	19	cc	_	_
27	color	color	_	NN	_	28	nsubj	_	_
28	code	code	_	VBP	_	19	conj	_	_
29	your	you	_	PRP$	_	30	nmod:poss	_	_
30	notes	note	_	NNS	_	28	dobj	_	_
31	--	--	_	:	_	30	punct	_	_
32	all	all	_	DT	_	30	dep	_	_
33	in	in	_	IN	_	34	case	_	_
34	one	one	_	CD	_	32	nmod	_	_
35	well-designed	well-designed	_	JJ	_	28	xcomp	_	_
36	and	and	_	CC	_	35	cc	_	_
37	easy-to-use	easy-to-use	_	JJ	_	38	amod	_	_
38	interface	interface	_	NN	_	35	conj	_	_
39	.	.	_	.	_	7	punct	_	_

1	The	the	_	DT	_	2	det	_	_
2	second	second	_	JJ	_	4	dep	_	_
3	you	you	_	PRP	_	4	nsubj	_	_
4	log	log	_	VBP	_	13	advcl	_	_
5	anything	anything	_	NN	_	4	dobj	_	_
6	into	into	_	IN	_	8	case	_	_
7	your	you	_	PRP$	_	8	nmod:poss	_	_
8	phone	phone	_	NN	_	4	nmod	_	_
9	,	,	_	,	_	13	punct	_	_
10	it	it	_	PRP	_	13	nsubj	_	_
11	is	be	_	VBZ	_	13	cop	_	_
12	also	also	_	RB	_	13	advmod	_	_
13	accessible	accessible	_	JJ	_	0	root	_	_
14	from	from	_	IN	_	18	case	_	_
15	a	a	_	DT	_	18	det	_	_
16	PC	pc	_	NN	_	18	compound	_	_
17	Web	web	_	NN	_	18	compound	_	_
18	browser	browser	_	NN	_	13	nmod	_	_
19	via	via	_	IN	_	21	case	_	_
20	Google	Google	_	NNP	_	21	compound	_	_
21	Drive	Drive	_	NNP	_	18	nmod	_	_
22	.	.	_	.	_	13	punct	_	_

1	Alternatively	alternatively	_	RB	_	5	advmod	_	_
2	,	,	_	,	_	5	punct	_	_
3	you	you	_	PRP	_	5	nsubj	_	_
4	can	can	_	MD	_	5	aux	_	_
5	save	save	_	VB	_	0	root	_	_
6	things	thing	_	NNS	_	5	dobj	_	_
7	while	while	_	IN	_	8	mark	_	_
8	working	work	_	VBG	_	5	advcl	_	_
9	on	on	_	IN	_	11	case	_	_
10	your	you	_	PRP$	_	11	nmod:poss	_	_
11	computer	computer	_	NN	_	8	nmod	_	_
12	,	,	_	,	_	5	punct	_	_
13	and	and	_	CC	_	5	cc	_	_
14	it	it	_	PRP	_	17	nsubj	_	_
15	will	will	_	MD	_	17	aux	_	_
16	instantly	instantly	_	RB	_	17	advmod	_	_
17	appear	appear	_	VB	_	5	conj	_	_
18	on	on	_	IN	_	20	case	_	_
19	your	you	_	PRP$	_	20	nmod:poss	_	_
20	phone	phone	_	NN	_	17	nmod	_	_
21	,	,	_	,	_	20	punct	_	_
22	ready	ready	_	JJ	_	20	amod	_	_
23	for	for	_	IN	_	24	case	_	_
24	use	use	_	NN	_	22	nmod	_	_
25	while	while	_	IN	_	28	mark	_	_
26	on	on	_	IN	_	28	case	_	_
27	the	the	_	DT	_	28	det	_	_
28	go	go	_	NN	_	17	advcl	_	_
29	.	.	_	.	_	5	punct	_	_

1	The	the	_	DT	_	2	det	_	_
2	design	design	_	NN	_	7	nsubj	_	_
3	may	may	_	MD	_	7	aux	_	_
4	not	not	_	RB	_	7	neg	_	_
5	be	be	_	VB	_	7	cop	_	_
6	as	as	_	IN	_	7	case	_	_
7	progressive	progressive	_	JJ	_	0	root	_	_
8	as	as	_	IN	_	12	case	_	_
9	the	the	_	DT	_	12	det	_	_
10	to-do	to-do	_	NN	_	12	compound	_	_
11	app	app	_	NN	_	12	compound	_	_
12	Clear	Clear	_	NNP	_	7	nmod	_	_
13	,	,	_	,	_	7	punct	_	_
14	but	but	_	CC	_	7	cc	_	_
15	Keep	keep	_	VBP	_	7	conj	_	_
16	makes	make	_	VBZ	_	15	ccomp	_	_
17	up	up	_	RP	_	16	compound:prt	_	_
18	for	for	_	IN	_	19	case	_	_
19	that	that	_	DT	_	16	nmod	_	_
20	in	in	_	IN	_	22	case	_	_
21	its	its	_	PRP$	_	22	nmod:poss	_	_
22	simplicity	simplicity	_	NN	_	19	nmod	_	_
23	and	and	_	CC	_	22	cc	_	_
24	efficiency	efficiency	_	NN	_	22	conj	_	_
25	.	.	_	.	_	7	punct	_	_

1	Everything	everything	_	NN	_	5	nsubjpass	_	_
2	in	in	_	IN	_	3	mark	_	_
3	Keep	keep	_	VB	_	1	acl	_	_
4	is	be	_	VBZ	_	5	auxpass	_	_
5	presented	present	_	VBN	_	0	root	_	_
6	like	like	_	IN	_	17	case	_	_
7	a	a	_	DT	_	17	det	_	_
8	Microsoft	Microsoft	_	NNP	_	15	compound	_	_
9	(	(	_	-LRB-	_	10	punct	_	_
10	MSFT	MSFT	_	NNP	_	15	appos	_	_
11	,	,	_	,	_	10	punct	_	_
12	Fortune	Fortune	_	NNP	_	10	dep	_	_
13	500	500	_	CD	_	12	nummod	_	_
14	)	)	_	-RRB-	_	10	punct	_	_
15	Windows	Windows	_	NNP	_	17	compound	_	_
16	Phone-esque	phone-esque	_	JJ	_	17	amod	_	_
17	stream	stream	_	NN	_	5	nmod	_	_
18	of	of	_	IN	_	19	case	_	_
19	tiles	tile	_	NNS	_	17	nmod	_	_
20	.	.	_	.	_	5	punct	_	_

1	Swiping	swipe	_	VBG	_	0	root	_	_
2	left	left	_	JJ	_	1	dobj	_	_
3	or	or	_	CC	_	2	cc	_	_
4	right	right	_	NN	_	2	conj	_	_
5	will	will	_	MD	_	1	dep	_	_
6	archive	archive	_	NN	_	1	nsubj	_	_
7	those	those	_	DT	_	8	det	_	_
8	notes	note	_	NNS	_	6	dep	_	_
9	you	you	_	PRP	_	8	dep	_	_
10	no	no	_	DT	_	12	neg	_	_
11	longer	longer	_	JJR	_	12	amod	_	_
12	need	need	_	NN	_	9	dep	_	_
13	(	(	_	-LRB-	_	17	punct	_	_
14	but	but	_	CC	_	17	nsubj	_	_
15	do	do	_	VBP	_	17	aux	_	_
16	n't	not	_	RB	_	17	neg	_	_
17	want	want	_	VB	_	9	dep	_	_
18	to	to	_	TO	_	19	mark	_	_
19	erase	erase	_	VB	_	17	xcomp	_	_
20	entirely	entirely	_	RB	_	19	advmod	_	_
21	)	)	_	-RRB-	_	17	punct	_	_
22	.	.	_	.	_	1	punct	_	_

1	At	at	_	IN	_	3	case	_	_
2	the	the	_	DT	_	3	det	_	_
3	top	top	_	NN	_	7	nmod	_	_
4	of	of	_	IN	_	6	case	_	_
5	the	the	_	DT	_	6	det	_	_
6	app	app	_	NN	_	3	nmod	_	_
7	is	be	_	VBZ	_	0	root	_	_
8	a	a	_	DT	_	11	det	_	_
9	text	text	_	NN	_	11	compound	_	_
10	entry	entry	_	NN	_	11	compound	_	_
11	field	field	_	NN	_	7	nsubj	_	_
12	that	that	_	WDT	_	13	nsubj	_	_
13	serves	serve	_	VBZ	_	11	acl:relcl	_	_
14	as	as	_	IN	_	17	case	_	_
15	your	you	_	PRP$	_	17	nmod:poss	_	_
16	main	main	_	JJ	_	17	amod	_	_
17	point	point	_	NN	_	13	nmod	_	_
18	of	of	_	IN	_	19	case	_	_
19	entry	entry	_	NN	_	17	nmod	_	_
20	for	for	_	IN	_	23	case	_	_
21	all	all	_	DT	_	23	det	_	_
22	new	new	_	JJ	_	23	amod	_	_
23	notes	note	_	NNS	_	19	nmod	_	_
24	.	.	_	.	_	7	punct	_	_

1	And	and	_	CC	_	22	cc	_	_
2	when	when	_	WRB	_	3	advmod	_	_
3	viewing	view	_	VBG	_	22	advcl	_	_
4	any	any	_	DT	_	6	det	_	_
5	specific	specific	_	JJ	_	6	amod	_	_
6	note	note	_	NN	_	3	dobj	_	_
7	,	,	_	,	_	3	punct	_	_
8	tapping	tap	_	VBG	_	3	parataxis	_	_
9	any	any	_	DT	_	10	det	_	_
10	part	part	_	NN	_	8	dobj	_	_
11	of	of	_	IN	_	13	case	_	_
12	that	that	_	DT	_	13	det	_	_
13	note	note	_	NN	_	10	nmod	_	_
14	(	(	_	-LRB-	_	15	punct	_	_
15	title	title	_	NN	_	13	dep	_	_
16	,	,	_	,	_	15	punct	_	_
17	body	body	_	NN	_	15	appos	_	_
18	,	,	_	,	_	15	punct	_	_
19	etc.	etc.	_	FW	_	15	appos	_	_
20	)	)	_	-RRB-	_	15	punct	_	_
21	will	will	_	MD	_	22	aux	_	_
22	allow	allow	_	VB	_	0	root	_	_
23	you	you	_	PRP	_	22	dobj	_	_
24	to	to	_	TO	_	25	mark	_	_
25	edit	edit	_	VB	_	22	xcomp	_	_
26	it	it	_	PRP	_	25	dobj	_	_
27	.	.	_	.	_	22	punct	_	_

1	The	the	_	DT	_	3	det	_	_
2	entire	entire	_	JJ	_	3	amod	_	_
3	experience	experience	_	NN	_	5	nsubj	_	_
4	is	be	_	VBZ	_	5	cop	_	_
5	frictionless	frictionless	_	JJ	_	0	root	_	_
6	.	.	_	.	_	5	punct	_	_

1	That	that	_	DT	_	2	nsubj	_	_
2	said	say	_	VBD	_	7	ccomp	_	_
3	,	,	_	,	_	7	punct	_	_
4	it	it	_	PRP	_	7	nsubj	_	_
5	's	be	_	VBZ	_	7	aux	_	_
6	not	not	_	RB	_	7	neg	_	_
7	going	go	_	VBG	_	0	root	_	_
8	to	to	_	TO	_	9	mark	_	_
9	conquer	conquer	_	VB	_	7	xcomp	_	_
10	the	the	_	DT	_	11	det	_	_
11	world	world	_	NN	_	9	dobj	_	_
12	quite	quite	_	RB	_	13	advmod	_	_
13	yet	yet	_	RB	_	9	advmod	_	_
14	.	.	_	.	_	7	punct	_	_

1	Organization	Organization	_	NNP	_	2	compound	_	_
2	options	option	_	NNS	_	4	nsubjpass	_	_
3	are	be	_	VBP	_	4	auxpass	_	_
4	limited	limit	_	VBN	_	0	root	_	_
5	--	--	_	:	_	4	punct	_	_
6	color	color	_	NN	_	7	compound	_	_
7	coding	coding	_	NN	_	11	nsubj	_	_
8	is	be	_	VBZ	_	11	cop	_	_
9	your	you	_	PRP$	_	11	nmod:poss	_	_
10	only	only	_	JJ	_	11	amod	_	_
11	choice	choice	_	NN	_	4	parataxis	_	_
12	,	,	_	,	_	11	punct	_	_
13	and	and	_	CC	_	11	cc	_	_
14	you	you	_	PRP	_	17	nsubj	_	_
15	ca	can	_	MD	_	17	aux	_	_
16	n't	not	_	RB	_	17	neg	_	_
17	re-order	re-order	_	VB	_	11	conj	_	_
18	your	you	_	PRP$	_	19	nmod:poss	_	_
19	notes	note	_	NNS	_	17	dobj	_	_
20	.	.	_	.	_	4	punct	_	_

1	Sharing	share	_	VBG	_	0	root	_	_
2	with	with	_	IN	_	6	mark	_	_
3	others	other	_	NNS	_	6	nsubjpass	_	_
4	is	be	_	VBZ	_	6	auxpass	_	_
5	mostly	mostly	_	RB	_	6	advmod	_	_
6	limited	limit	_	VBN	_	1	advcl	_	_
7	to	to	_	TO	_	8	mark	_	_
8	email	email	_	VB	_	6	xcomp	_	_
9	and	and	_	CC	_	6	cc	_	_
10	Google	Google	_	NNP	_	11	dep	_	_
11	+	+	_	CC	_	6	conj	_	_
12	,	,	_	,	_	1	punct	_	_
13	and	and	_	CC	_	1	cc	_	_
14	the	the	_	DT	_	16	det	_	_
15	desktop	desktop	_	NN	_	16	compound	_	_
16	features	feature	_	NNS	_	20	nsubj	_	_
17	are	be	_	VBP	_	20	cop	_	_
18	pretty	pretty	_	RB	_	19	advmod	_	_
19	bare	bare	_	JJ	_	20	amod	_	_
20	bones	bone	_	NNS	_	1	conj	_	_
21	.	.	_	.	_	1	punct	_	_

1	But	but	_	CC	_	6	cc	_	_
2	that	that	_	DT	_	6	nsubj	_	_
3	's	be	_	VBZ	_	6	cop	_	_
4	more	more	_	JJR	_	6	advmod	_	_
5	a	a	_	DT	_	6	det	_	_
6	function	function	_	NN	_	0	root	_	_
7	of	of	_	IN	_	8	case	_	_
8	it	it	_	PRP	_	6	nmod	_	_
9	being	be	_	VBG	_	10	cop	_	_
10	new	new	_	JJ	_	6	acl	_	_
11	,	,	_	,	_	10	punct	_	_
12	rather	rather	_	RB	_	10	cc	_	_
13	than	than	_	IN	_	12	mwe	_	_
14	poorly	poorly	_	RB	_	15	advmod	_	_
15	thought	think	_	VBN	_	10	conj	_	_
16	out	out	_	RP	_	15	compound:prt	_	_
17	.	.	_	.	_	6	punct	_	_

1	Like	like	_	IN	_	3	case	_	_
2	most	most	_	JJS	_	3	amod	_	_
3	things	thing	_	NNS	_	6	nmod	_	_
4	Google	Google	_	NNP	_	6	dep	_	_
5	,	,	_	,	_	6	punct	_	_
6	expect	expect	_	VBP	_	0	root	_	_
7	the	the	_	DT	_	8	det	_	_
8	company	company	_	NN	_	6	dobj	_	_
9	to	to	_	TO	_	10	case	_	_
10	flesh	flesh	_	NN	_	6	nmod	_	_
11	out	out	_	IN	_	6	advmod	_	_
12	Keep	keep	_	VB	_	11	dep	_	_
13	over	over	_	IN	_	14	case	_	_
14	time	time	_	NN	_	12	nmod	_	_
15	and	and	_	CC	_	12	cc	_	_
16	really	really	_	RB	_	17	advmod	_	_
17	turn	turn	_	VB	_	12	conj	_	_
18	it	it	_	PRP	_	17	dobj	_	_
19	into	into	_	IN	_	24	case	_	_
20	our	we	_	PRP$	_	24	nmod:poss	_	_
21	personal	personal	_	JJ	_	24	amod	_	_
22	internet	internet	_	NN	_	24	compound	_	_
23	junk	junk	_	NN	_	24	compound	_	_
24	drawer	drawer	_	NN	_	17	nmod	_	_
25	.	.	_	.	_	6	punct	_	_

1	It	it	_	PRP	_	3	nsubj	_	_
2	's	be	_	VBZ	_	3	cop	_	_
3	easy	easy	_	JJ	_	0	root	_	_
4	to	to	_	TO	_	5	mark	_	_
5	foresee	foresee	_	VB	_	3	xcomp	_	_
6	the	the	_	DT	_	7	dep	_	_
7	day	day	_	NN	_	5	dobj	_	_
8	the	the	_	DT	_	7	dep	_	_
9	when	when	_	WRB	_	13	advmod	_	_
10	users	user	_	NNS	_	13	nsubj	_	_
11	will	will	_	MD	_	13	aux	_	_
12	be	be	_	VB	_	13	cop	_	_
13	able	able	_	JJ	_	7	acl:relcl	_	_
14	to	to	_	TO	_	15	mark	_	_
15	send	send	_	VB	_	13	xcomp	_	_
16	anything	anything	_	NN	_	15	dobj	_	_
17	from	from	_	IN	_	20	case	_	_
18	their	they	_	PRP$	_	20	nmod:poss	_	_
19	Web	web	_	NN	_	20	compound	_	_
20	browser	browser	_	NN	_	15	nmod	_	_
21	or	or	_	CC	_	7	cc	_	_
22	Maps	map	_	NNS	_	7	conj	_	_
23	directly	directly	_	RB	_	22	advmod	_	_
24	to	to	_	TO	_	25	mark	_	_
25	Keep	keep	_	VB	_	22	acl	_	_
26	.	.	_	.	_	3	punct	_	_

1	The	the	_	DT	_	2	det	_	_
2	prospect	prospect	_	NN	_	26	nsubj	_	_
3	of	of	_	IN	_	4	case	_	_
4	Keep	keep	_	VB	_	2	acl	_	_
5	incorporating	incorporate	_	VBG	_	4	xcomp	_	_
6	features	feature	_	NNS	_	5	dobj	_	_
7	of	of	_	IN	_	8	case	_	_
8	services	service	_	NNS	_	6	nmod	_	_
9	such	such	_	JJ	_	11	case	_	_
10	as	as	_	IN	_	9	mwe	_	_
11	Pinterest	Pinterest	_	NNP	_	8	nmod	_	_
12	or	or	_	CC	_	11	cc	_	_
13	Pocket	Pocket	_	NNP	_	11	conj	_	_
14	,	,	_	,	_	16	punct	_	_
15	or	or	_	CC	_	16	cc	_	_
16	even	even	_	RB	_	5	dep	_	_
17	making	make	_	VBG	_	5	advcl	_	_
18	it	it	_	PRP	_	19	nsubj	_	_
19	easy	easy	_	JJ	_	17	xcomp	_	_
20	to	to	_	TO	_	23	case	_	_
21	catalog	catalog	_	NN	_	23	compound	_	_
22	streaming	streaming	_	NN	_	23	compound	_	_
23	media	media	_	NNS	_	19	nmod	_	_
24	,	,	_	,	_	26	punct	_	_
25	could	could	_	MD	_	26	aux	_	_
26	turn	turn	_	VB	_	0	root	_	_
27	it	it	_	PRP	_	26	dobj	_	_
28	into	into	_	IN	_	29	case	_	_
29	something	something	_	NN	_	26	nmod	_	_
30	big	big	_	JJ	_	29	amod	_	_
31	.	.	_	.	_	26	punct	_	_

1	That	that	_	DT	_	3	nsubj	_	_
2	should	should	_	MD	_	3	aux	_	_
3	scare	scare	_	VB	_	0	root	_	_
4	Evernote	Evernote	_	NNP	_	3	dobj	_	_
5	.	.	_	.	_	3	punct	_	_

1	Keep	keep	_	VB	_	5	csubj	_	_
2	is	be	_	VBZ	_	5	cop	_	_
3	not	not	_	RB	_	5	neg	_	_
4	the	the	_	DT	_	5	det	_	_
5	reinvention	reinvention	_	NN	_	0	root	_	_
6	of	of	_	IN	_	8	case	_	_
7	the	the	_	DT	_	8	det	_	_
8	wheel	wheel	_	NN	_	5	nmod	_	_
9	in	in	_	IN	_	11	case	_	_
10	any	any	_	DT	_	11	det	_	_
11	aspect	aspect	_	NN	_	8	nmod	_	_
12	--	--	_	:	_	5	punct	_	_
13	there	there	_	EX	_	14	expl	_	_
14	are	be	_	VBP	_	5	parataxis	_	_
15	a	a	_	DT	_	16	det	_	_
16	plethora	plethora	_	NN	_	14	nsubj	_	_
17	of	of	_	IN	_	19	case	_	_
18	third-party	third-party	_	JJ	_	19	amod	_	_
19	apps	app	_	NNS	_	16	nmod	_	_
20	already	already	_	RB	_	21	advmod	_	_
21	available	available	_	JJ	_	19	amod	_	_
22	for	for	_	IN	_	23	case	_	_
23	Android	Android	_	NNP	_	19	nmod	_	_
24	.	.	_	.	_	5	punct	_	_

1	But	but	_	CC	_	6	cc	_	_
2	it	it	_	PRP	_	6	nsubj	_	_
3	is	be	_	VBZ	_	6	cop	_	_
4	a	a	_	DT	_	6	det	_	_
5	well-exectuted	well-exectuted	_	JJ	_	6	amod	_	_
6	refinement	refinement	_	NN	_	0	root	_	_
7	.	.	_	.	_	6	punct	_	_

1	In	in	_	IN	_	2	mark	_	_
2	filling	fill	_	VBG	_	15	advcl	_	_
3	a	a	_	DT	_	8	det	_	_
4	minor	minor	_	JJ	_	8	amod	_	_
5	,	,	_	,	_	4	punct	_	_
6	but	but	_	CC	_	4	cc	_	_
7	important	important	_	JJ	_	4	conj	_	_
8	gap	gap	_	NN	_	2	dobj	_	_
9	in	in	_	IN	_	12	case	_	_
10	its	its	_	PRP$	_	12	nmod:poss	_	_
11	mobile	mobile	_	JJ	_	12	amod	_	_
12	ecosystem	ecosystem	_	NN	_	8	nmod	_	_
13	,	,	_	,	_	15	punct	_	_
14	Google	Google	_	NNP	_	15	nsubj	_	_
15	gives	give	_	VBZ	_	0	root	_	_
16	the	the	_	DT	_	17	det	_	_
17	competition	competition	_	NN	_	15	iobj	_	_
18	one	one	_	CD	_	20	nummod	_	_
19	less	less	_	JJR	_	20	amod	_	_
20	claim	claim	_	NN	_	15	dobj	_	_
21	of	of	_	IN	_	22	case	_	_
22	superiority	superiority	_	NN	_	20	nmod	_	_
23	over	over	_	IN	_	24	case	_	_
24	Android	Android	_	NNP	_	22	nmod	_	_
25	.	.	_	.	_	15	punct	_	_

